{"contracts/Lottery.sol":{"l":{"55":3,"56":3,"57":3,"58":3,"59":3,"60":3,"61":3,"62":3,"66":15,"67":1,"69":14,"70":1,"72":13,"73":13,"83":10,"84":10,"85":10,"86":10,"87":10,"91":6,"92":6,"93":1,"99":5,"100":5,"107":5,"114":1,"115":1,"116":1,"117":1,"118":1,"119":1,"120":1,"122":1,"123":0,"125":1,"130":14,"134":1,"138":1,"142":4,"146":0,"150":1,"154":2,"158":0,"162":14},"path":"/home/hari/Documents/solidity/lottery/contracts/Lottery.sol","s":{"1":3,"2":3,"3":3,"4":3,"5":3,"6":3,"7":3,"8":3,"9":15,"10":14,"11":13,"12":13,"13":10,"14":10,"15":10,"16":10,"17":10,"18":6,"19":6,"20":5,"21":5,"22":5,"23":1,"24":1,"25":1,"26":1,"27":1,"28":1,"29":1,"30":1,"31":1,"32":14,"33":1,"34":1,"35":4,"36":0,"37":1,"38":2,"39":0,"40":14},"b":{"1":[1,14],"2":[1,13],"3":[1,5],"4":[0,1]},"f":{"1":3,"2":15,"3":10,"4":6,"5":1,"6":14,"7":1,"8":1,"9":4,"10":0,"11":1,"12":2,"13":0,"14":14},"fnMap":{"1":{"name":"constructor","line":54,"loc":{"start":{"line":47,"column":4},"end":{"line":63,"column":4}}},"2":{"name":"enterLottery","line":65,"loc":{"start":{"line":65,"column":4},"end":{"line":74,"column":4}}},"3":{"name":"checkUpkeep","line":80,"loc":{"start":{"line":80,"column":4},"end":{"line":88,"column":4}}},"4":{"name":"performUpkeep","line":90,"loc":{"start":{"line":90,"column":4},"end":{"line":108,"column":4}}},"5":{"name":"fulfillRandomWords","line":110,"loc":{"start":{"line":110,"column":4},"end":{"line":126,"column":4}}},"6":{"name":"getEntranceFee","line":129,"loc":{"start":{"line":129,"column":4},"end":{"line":131,"column":4}}},"7":{"name":"getPlayer","line":133,"loc":{"start":{"line":133,"column":4},"end":{"line":135,"column":4}}},"8":{"name":"getRecentWinner","line":137,"loc":{"start":{"line":137,"column":4},"end":{"line":139,"column":4}}},"9":{"name":"getLotteryState","line":141,"loc":{"start":{"line":141,"column":4},"end":{"line":143,"column":4}}},"10":{"name":"getNumWords","line":145,"loc":{"start":{"line":145,"column":4},"end":{"line":147,"column":4}}},"11":{"name":"getNumberOfPlayers","line":149,"loc":{"start":{"line":149,"column":4},"end":{"line":151,"column":4}}},"12":{"name":"getLatestTimeStamp","line":153,"loc":{"start":{"line":153,"column":4},"end":{"line":155,"column":4}}},"13":{"name":"getRequestConfirmations","line":157,"loc":{"start":{"line":157,"column":4},"end":{"line":159,"column":4}}},"14":{"name":"getInterval","line":161,"loc":{"start":{"line":161,"column":4},"end":{"line":163,"column":4}}}},"statementMap":{"1":{"start":{"line":55,"column":8},"end":{"line":55,"column":35}},"2":{"start":{"line":56,"column":8},"end":{"line":56,"column":69}},"3":{"start":{"line":57,"column":8},"end":{"line":57,"column":27}},"4":{"start":{"line":58,"column":8},"end":{"line":58,"column":39}},"5":{"start":{"line":59,"column":8},"end":{"line":59,"column":45}},"6":{"start":{"line":60,"column":8},"end":{"line":60,"column":41}},"7":{"start":{"line":61,"column":8},"end":{"line":61,"column":40}},"8":{"start":{"line":62,"column":8},"end":{"line":62,"column":29}},"9":{"start":{"line":66,"column":8},"end":{"line":66,"column":2318}},"10":{"start":{"line":69,"column":8},"end":{"line":69,"column":2420}},"11":{"start":{"line":72,"column":8},"end":{"line":72,"column":42}},"12":{"start":{"line":73,"column":8},"end":{"line":73,"column":37}},"13":{"start":{"line":83,"column":8},"end":{"line":83,"column":59}},"14":{"start":{"line":84,"column":8},"end":{"line":84,"column":76}},"15":{"start":{"line":85,"column":8},"end":{"line":85,"column":48}},"16":{"start":{"line":86,"column":8},"end":{"line":86,"column":51}},"17":{"start":{"line":87,"column":8},"end":{"line":87,"column":72}},"18":{"start":{"line":91,"column":8},"end":{"line":91,"column":47}},"19":{"start":{"line":92,"column":8},"end":{"line":92,"column":3259}},"20":{"start":{"line":99,"column":8},"end":{"line":99,"column":48}},"21":{"start":{"line":100,"column":8},"end":{"line":100,"column":3523}},"22":{"start":{"line":107,"column":8},"end":{"line":107,"column":46}},"23":{"start":{"line":114,"column":8},"end":{"line":114,"column":65}},"24":{"start":{"line":115,"column":8},"end":{"line":115,"column":63}},"25":{"start":{"line":116,"column":8},"end":{"line":116,"column":36}},"26":{"start":{"line":117,"column":8},"end":{"line":117,"column":41}},"27":{"start":{"line":118,"column":8},"end":{"line":118,"column":43}},"28":{"start":{"line":119,"column":8},"end":{"line":119,"column":40}},"29":{"start":{"line":120,"column":8},"end":{"line":120,"column":78}},"30":{"start":{"line":122,"column":8},"end":{"line":122,"column":4306}},"31":{"start":{"line":125,"column":8},"end":{"line":125,"column":39}},"32":{"start":{"line":130,"column":8},"end":{"line":130,"column":28}},"33":{"start":{"line":134,"column":8},"end":{"line":134,"column":32}},"34":{"start":{"line":138,"column":8},"end":{"line":138,"column":29}},"35":{"start":{"line":142,"column":8},"end":{"line":142,"column":29}},"36":{"start":{"line":146,"column":8},"end":{"line":146,"column":24}},"37":{"start":{"line":150,"column":8},"end":{"line":150,"column":31}},"38":{"start":{"line":154,"column":8},"end":{"line":154,"column":30}},"39":{"start":{"line":158,"column":8},"end":{"line":158,"column":36}},"40":{"start":{"line":162,"column":8},"end":{"line":162,"column":25}}},"branchMap":{"1":{"line":66,"type":"if","locations":[{"start":{"line":66,"column":8},"end":{"line":66,"column":8}},{"start":{"line":66,"column":8},"end":{"line":66,"column":8}}]},"2":{"line":69,"type":"if","locations":[{"start":{"line":69,"column":8},"end":{"line":69,"column":8}},{"start":{"line":69,"column":8},"end":{"line":69,"column":8}}]},"3":{"line":92,"type":"if","locations":[{"start":{"line":92,"column":8},"end":{"line":92,"column":8}},{"start":{"line":92,"column":8},"end":{"line":92,"column":8}}]},"4":{"line":122,"type":"if","locations":[{"start":{"line":122,"column":8},"end":{"line":122,"column":8}},{"start":{"line":122,"column":8},"end":{"line":122,"column":8}}]}}},"contracts/test/VRFCoordinatorV2Mock.sol":{"l":{},"path":"/home/hari/Documents/solidity/lottery/contracts/test/VRFCoordinatorV2Mock.sol","s":{},"b":{},"f":{},"fnMap":{},"statementMap":{},"branchMap":{}}}