TN:
SF:/home/hari/Documents/solidity/lottery/contracts/Lottery.sol
FN:54,constructor
FN:65,enterLottery
FN:80,checkUpkeep
FN:90,performUpkeep
FN:110,fulfillRandomWords
FN:129,getEntranceFee
FN:133,getPlayer
FN:137,getRecentWinner
FN:141,getLotteryState
FN:145,getNumWords
FN:149,getNumberOfPlayers
FN:153,getLatestTimeStamp
FN:157,getRequestConfirmations
FN:161,getInterval
FNF:14
FNH:12
FNDA:3,constructor
FNDA:15,enterLottery
FNDA:10,checkUpkeep
FNDA:6,performUpkeep
FNDA:1,fulfillRandomWords
FNDA:14,getEntranceFee
FNDA:1,getPlayer
FNDA:1,getRecentWinner
FNDA:4,getLotteryState
FNDA:0,getNumWords
FNDA:1,getNumberOfPlayers
FNDA:2,getLatestTimeStamp
FNDA:0,getRequestConfirmations
FNDA:14,getInterval
DA:55,3
DA:56,3
DA:57,3
DA:58,3
DA:59,3
DA:60,3
DA:61,3
DA:62,3
DA:66,15
DA:67,1
DA:69,14
DA:70,1
DA:72,13
DA:73,13
DA:83,10
DA:84,10
DA:85,10
DA:86,10
DA:87,10
DA:91,6
DA:92,6
DA:93,1
DA:99,5
DA:100,5
DA:107,5
DA:114,1
DA:115,1
DA:116,1
DA:117,1
DA:118,1
DA:119,1
DA:120,1
DA:122,1
DA:123,0
DA:125,1
DA:130,14
DA:134,1
DA:138,1
DA:142,4
DA:146,0
DA:150,1
DA:154,2
DA:158,0
DA:162,14
LF:44
LH:41
BRDA:66,1,0,1
BRDA:66,1,1,14
BRDA:69,2,0,1
BRDA:69,2,1,13
BRDA:92,3,0,1
BRDA:92,3,1,5
BRDA:122,4,0,0
BRDA:122,4,1,1
BRF:8
BRH:7
end_of_record
TN:
SF:/home/hari/Documents/solidity/lottery/contracts/test/VRFCoordinatorV2Mock.sol
FNF:0
FNH:0
LF:0
LH:0
BRF:0
BRH:0
end_of_record
